L 09/01/2023 - 05:49:11: "ozfortress TV<2><BOT><unknown>" changed role to "undefined"
L 09/01/2023 - 05:49:11: "MzHat222<3><[U:1:1586969002]><Red>" changed role to "sniper"
L 09/01/2023 - 05:49:11: "Let me drown in your arms<4><[U:1:12520781]><Blue>" changed role to "pyro"
L 09/01/2023 - 05:49:11: "Bot01<6><BOT><Red>" changed role to "medic"
L 09/01/2023 - 05:49:11: "Bot02<7><BOT><Blue>" changed role to "medic"
L 09/01/2023 - 05:49:16: World triggered "Round_Start"
L 09/01/2023 - 05:49:16: "MzHat222<3><[U:1:1586969002]><Red>" spawned as "medic"
L 09/01/2023 - 05:49:16: "Let me drown in your arms<4><[U:1:12520781]><Blue>" spawned as "pyro"
L 09/01/2023 - 05:49:16: "Bot01<6><BOT><Red>" spawned as "medic"
L 09/01/2023 - 05:49:16: "Bot02<7><BOT><Blue>" spawned as "medic"
L 09/01/2023 - 05:49:16: World triggered "Round_Start"
L 09/01/2023 - 05:49:16: "MzHat222<3><[U:1:1586969002]><Red>" spawned as "medic"
L 09/01/2023 - 05:49:16: "Let me drown in your arms<4><[U:1:12520781]><Blue>" spawned as "pyro"
L 09/01/2023 - 05:49:16: "Bot01<6><BOT><Red>" spawned as "medic"
L 09/01/2023 - 05:49:16: "Bot02<7><BOT><Blue>" spawned as "medic"
L 09/01/2023 - 05:49:16: "MzHat222<3><[U:1:1586969002]><Red>" triggered "empty_uber"
L 09/01/2023 - 05:49:16: "Bot02<7><BOT><Blue>" triggered "empty_uber"
L 09/01/2023 - 05:49:47: "Let me drown in your arms<4><[U:1:12520781]><Blue>" changed role to "scout"
L 09/01/2023 - 05:49:47: "Let me drown in your arms<4><[U:1:12520781]><Blue>" spawned as "scout"
L 09/01/2023 - 05:50:03: "MzHat222<3><[U:1:1586969002]><Red>" triggered "healed" against "Bot01<6><BOT><Red>" (healing "42")
L 09/01/2023 - 05:50:04: "MzHat222<3><[U:1:1586969002]><Red>" triggered "healed" against "Bot01<6><BOT><Red>" (healing "36")
L 09/01/2023 - 05:50:05: Team "Blue" triggered "pointcaptured" (cp "0") (cpname "#koth_viaduct_cap") (numcappers "1") (player1 "Let me drown in your arms<4><[U:1:12520781]><Blue>") (position1 "-1645 -144 224") 
L 09/01/2023 - 05:50:05: "MzHat222<3><[U:1:1586969002]><Red>" triggered "healed" against "Bot01<6><BOT><Red>" (healing "5")
L 09/01/2023 - 05:50:06: "MzHat222<3><[U:1:1586969002]><Red>" triggered "healed" against "Bot01<6><BOT><Red>" (healing "6")
L 09/01/2023 - 05:50:07: "MzHat222<3><[U:1:1586969002]><Red>" triggered "healed" against "Bot01<6><BOT><Red>" (healing "5")
L 09/01/2023 - 05:50:09: "MzHat222<3><[U:1:1586969002]><Red>" triggered "healed" against "Bot01<6><BOT><Red>" (healing "5")
L 09/01/2023 - 05:50:10: "MzHat222<3><[U:1:1586969002]><Red>" triggered "healed" against "Bot01<6><BOT><Red>" (healing "5")
L 09/01/2023 - 05:50:11: "MzHat222<3><[U:1:1586969002]><Red>" triggered "healed" against "Bot01<6><BOT><Red>" (healing "6")
L 09/01/2023 - 05:50:12: "MzHat222<3><[U:1:1586969002]><Red>" triggered "healed" against "Bot01<6><BOT><Red>" (healing "5")
L 09/01/2023 - 05:50:13: "MzHat222<3><[U:1:1586969002]><Red>" triggered "healed" against "Bot01<6><BOT><Red>" (healing "5")
L 09/01/2023 - 05:50:14: "MzHat222<3><[U:1:1586969002]><Red>" triggered "healed" against "Bot01<6><BOT><Red>" (healing "5")
L 09/01/2023 - 05:50:15: "MzHat222<3><[U:1:1586969002]><Red>" triggered "healed" against "Bot01<6><BOT><Red>" (healing "6")
L 09/01/2023 - 05:50:16: "MzHat222<3><[U:1:1586969002]><Red>" triggered "healed" against "Bot01<6><BOT><Red>" (healing "5")
L 09/01/2023 - 05:50:17: "MzHat222<3><[U:1:1586969002]><Red>" triggered "healed" against "Bot01<6><BOT><Red>" (healing "6")
L 09/01/2023 - 05:50:18: "MzHat222<3><[U:1:1586969002]><Red>" triggered "healed" against "Bot01<6><BOT><Red>" (healing "5")
L 09/01/2023 - 05:50:19: "MzHat222<3><[U:1:1586969002]><Red>" triggered "healed" against "Bot01<6><BOT><Red>" (healing "5")
L 09/01/2023 - 05:50:20: "MzHat222<3><[U:1:1586969002]><Red>" triggered "healed" against "Bot01<6><BOT><Red>" (healing "5")
L 09/01/2023 - 05:50:21: "MzHat222<3><[U:1:1586969002]><Red>" triggered "healed" against "Bot01<6><BOT><Red>" (healing "6")
L 09/01/2023 - 05:50:22: "MzHat222<3><[U:1:1586969002]><Red>" triggered "healed" against "Bot01<6><BOT><Red>" (healing "5")
L 09/01/2023 - 05:50:23: "MzHat222<3><[U:1:1586969002]><Red>" triggered "healed" against "Bot01<6><BOT><Red>" (healing "5")
L 09/01/2023 - 05:50:24: "MzHat222<3><[U:1:1586969002]><Red>" triggered "healed" against "Bot01<6><BOT><Red>" (healing "5")
L 09/01/2023 - 05:50:25: "MzHat222<3><[U:1:1586969002]><Red>" triggered "healed" against "Bot01<6><BOT><Red>" (healing "6")
L 09/01/2023 - 05:50:26: "MzHat222<3><[U:1:1586969002]><Red>" triggered "healed" against "Bot01<6><BOT><Red>" (healing "5")
L 09/01/2023 - 05:50:27: "MzHat222<3><[U:1:1586969002]><Red>" triggered "healed" against "Bot01<6><BOT><Red>" (healing "5")
L 09/01/2023 - 05:50:28: "MzHat222<3><[U:1:1586969002]><Red>" triggered "healed" against "Bot01<6><BOT><Red>" (healing "5")
L 09/01/2023 - 05:50:30: "MzHat222<3><[U:1:1586969002]><Red>" triggered "healed" against "Bot01<6><BOT><Red>" (healing "6")
L 09/01/2023 - 05:50:31: "MzHat222<3><[U:1:1586969002]><Red>" triggered "healed" against "Bot01<6><BOT><Red>" (healing "5")
L 09/01/2023 - 05:50:32: "MzHat222<3><[U:1:1586969002]><Red>" triggered "healed" against "Bot01<6><BOT><Red>" (healing "5")
L 09/01/2023 - 05:50:33: "MzHat222<3><[U:1:1586969002]><Red>" triggered "healed" against "Bot01<6><BOT><Red>" (healing "5")
L 09/01/2023 - 05:50:34: "MzHat222<3><[U:1:1586969002]><Red>" triggered "healed" against "Bot01<6><BOT><Red>" (healing "6")
L 09/01/2023 - 05:50:35: "MzHat222<3><[U:1:1586969002]><Red>" triggered "healed" against "Bot01<6><BOT><Red>" (healing "5")
L 09/01/2023 - 05:50:36: "MzHat222<3><[U:1:1586969002]><Red>" triggered "healed" against "Bot01<6><BOT><Red>" (healing "5")
L 09/01/2023 - 05:50:37: "MzHat222<3><[U:1:1586969002]><Red>" triggered "healed" against "Bot01<6><BOT><Red>" (healing "6")
L 09/01/2023 - 05:50:38: "MzHat222<3><[U:1:1586969002]><Red>" triggered "healed" against "Bot01<6><BOT><Red>" (healing "5")
L 09/01/2023 - 05:50:39: "MzHat222<3><[U:1:1586969002]><Red>" triggered "healed" against "Bot01<6><BOT><Red>" (healing "5")
L 09/01/2023 - 05:50:40: "MzHat222<3><[U:1:1586969002]><Red>" triggered "healed" against "Bot01<6><BOT><Red>" (healing "6")
L 09/01/2023 - 05:50:41: "MzHat222<3><[U:1:1586969002]><Red>" triggered "healed" against "Bot01<6><BOT><Red>" (healing "5")
L 09/01/2023 - 05:50:42: "MzHat222<3><[U:1:1586969002]><Red>" triggered "healed" against "Bot01<6><BOT><Red>" (healing "5")
L 09/01/2023 - 05:50:43: "MzHat222<3><[U:1:1586969002]><Red>" triggered "healed" against "Bot01<6><BOT><Red>" (healing "5")
L 09/01/2023 - 05:50:44: "MzHat222<3><[U:1:1586969002]><Red>" triggered "healed" against "Bot01<6><BOT><Red>" (healing "6")
L 09/01/2023 - 05:50:45: "MzHat222<3><[U:1:1586969002]><Red>" triggered "healed" against "Bot01<6><BOT><Red>" (healing "5")
L 09/01/2023 - 05:50:46: "MzHat222<3><[U:1:1586969002]><Red>" triggered "healed" against "Bot01<6><BOT><Red>" (healing "5")
L 09/01/2023 - 05:50:47: "MzHat222<3><[U:1:1586969002]><Red>" triggered "healed" against "Bot01<6><BOT><Red>" (healing "5")
L 09/01/2023 - 05:50:48: "MzHat222<3><[U:1:1586969002]><Red>" triggered "healed" against "Bot01<6><BOT><Red>" (healing "6")
L 09/01/2023 - 05:50:49: "MzHat222<3><[U:1:1586969002]><Red>" triggered "healed" against "Bot01<6><BOT><Red>" (healing "2")
L 09/01/2023 - 05:50:54: "MzHat222<3><[U:1:1586969002]><Red>" triggered "healed" against "Bot01<6><BOT><Red>" (healing "22")
L 09/01/2023 - 05:50:55: "MzHat222<3><[U:1:1586969002]><Red>" triggered "healed" against "Bot01<6><BOT><Red>" (healing "6")
L 09/01/2023 - 05:50:56: "MzHat222<3><[U:1:1586969002]><Red>" triggered "healed" against "Bot01<6><BOT><Red>" (healing "5")
L 09/01/2023 - 05:50:57: "MzHat222<3><[U:1:1586969002]><Red>" triggered "healed" against "Bot01<6><BOT><Red>" (healing "5")
L 09/01/2023 - 05:50:58: "MzHat222<3><[U:1:1586969002]><Red>" triggered "healed" against "Bot01<6><BOT><Red>" (healing "6")
L 09/01/2023 - 05:50:59: "MzHat222<3><[U:1:1586969002]><Red>" triggered "healed" against "Bot01<6><BOT><Red>" (healing "5")
L 09/01/2023 - 05:51:00: "MzHat222<3><[U:1:1586969002]><Red>" triggered "healed" against "Bot01<6><BOT><Red>" (healing "5")
L 09/01/2023 - 05:51:01: "MzHat222<3><[U:1:1586969002]><Red>" triggered "healed" against "Bot01<6><BOT><Red>" (healing "6")
L 09/01/2023 - 05:51:02: "MzHat222<3><[U:1:1586969002]><Red>" triggered "healed" against "Bot01<6><BOT><Red>" (healing "5")
L 09/01/2023 - 05:51:03: "MzHat222<3><[U:1:1586969002]><Red>" triggered "healed" against "Bot01<6><BOT><Red>" (healing "5")
L 09/01/2023 - 05:51:04: "MzHat222<3><[U:1:1586969002]><Red>" triggered "healed" against "Bot01<6><BOT><Red>" (healing "6")
L 09/01/2023 - 05:51:05: "MzHat222<3><[U:1:1586969002]><Red>" triggered "healed" against "Bot01<6><BOT><Red>" (healing "5")
L 09/01/2023 - 05:51:06: "MzHat222<3><[U:1:1586969002]><Red>" triggered "healed" against "Bot01<6><BOT><Red>" (healing "5")
L 09/01/2023 - 05:51:07: "MzHat222<3><[U:1:1586969002]><Red>" triggered "healed" against "Bot01<6><BOT><Red>" (healing "5")
L 09/01/2023 - 05:51:08: "MzHat222<3><[U:1:1586969002]><Red>" triggered "healed" against "Bot01<6><BOT><Red>" (healing "5")
L 09/01/2023 - 05:51:09: "MzHat222<3><[U:1:1586969002]><Red>" triggered "healed" against "Bot01<6><BOT><Red>" (healing "6")
L 09/01/2023 - 05:51:10: "MzHat222<3><[U:1:1586969002]><Red>" triggered "healed" against "Bot01<6><BOT><Red>" (healing "5")
L 09/01/2023 - 05:51:12: "MzHat222<3><[U:1:1586969002]><Red>" triggered "healed" against "Bot01<6><BOT><Red>" (healing "5")
L 09/01/2023 - 05:51:13: "MzHat222<3><[U:1:1586969002]><Red>" triggered "healed" against "Bot01<6><BOT><Red>" (healing "5")
L 09/01/2023 - 05:51:14: "MzHat222<3><[U:1:1586969002]><Red>" triggered "healed" against "Bot01<6><BOT><Red>" (healing "6")
L 09/01/2023 - 05:51:15: "MzHat222<3><[U:1:1586969002]><Red>" triggered "healed" against "Bot01<6><BOT><Red>" (healing "5")
L 09/01/2023 - 05:51:16: "MzHat222<3><[U:1:1586969002]><Red>" triggered "healed" against "Bot01<6><BOT><Red>" (healing "5")
L 09/01/2023 - 05:51:17: "MzHat222<3><[U:1:1586969002]><Red>" triggered "healed" against "Bot01<6><BOT><Red>" (healing "5")
L 09/01/2023 - 05:51:18: "MzHat222<3><[U:1:1586969002]><Red>" triggered "healed" against "Bot01<6><BOT><Red>" (healing "6")
L 09/01/2023 - 05:51:19: "MzHat222<3><[U:1:1586969002]><Red>" triggered "healed" against "Bot01<6><BOT><Red>" (healing "5")
L 09/01/2023 - 05:51:20: "MzHat222<3><[U:1:1586969002]><Red>" triggered "healed" against "Bot01<6><BOT><Red>" (healing "6")
L 09/01/2023 - 05:51:21: "MzHat222<3><[U:1:1586969002]><Red>" triggered "healed" against "Bot01<6><BOT><Red>" (healing "5")
L 09/01/2023 - 05:51:22: "MzHat222<3><[U:1:1586969002]><Red>" triggered "healed" against "Bot01<6><BOT><Red>" (healing "5")
L 09/01/2023 - 05:51:23: "MzHat222<3><[U:1:1586969002]><Red>" triggered "healed" against "Bot01<6><BOT><Red>" (healing "5")
L 09/01/2023 - 05:51:24: "MzHat222<3><[U:1:1586969002]><Red>" triggered "healed" against "Bot01<6><BOT><Red>" (healing "6")
L 09/01/2023 - 05:51:25: "MzHat222<3><[U:1:1586969002]><Red>" triggered "healed" against "Bot01<6><BOT><Red>" (healing "5")
L 09/01/2023 - 05:51:26: "MzHat222<3><[U:1:1586969002]><Red>" triggered "chargeready"
L 09/01/2023 - 05:51:26: "MzHat222<3><[U:1:1586969002]><Red>" triggered "healed" against "Bot01<6><BOT><Red>" (healing "5")
L 09/01/2023 - 05:51:26: "MzHat222<3><[U:1:1586969002]><Red>" triggered "chargedeployed" (medigun "medigun")
L 09/01/2023 - 05:51:27: "MzHat222<3><[U:1:1586969002]><Red>" triggered "healed" against "Bot01<6><BOT><Red>" (healing "5")
L 09/01/2023 - 05:51:28: "MzHat222<3><[U:1:1586969002]><Red>" triggered "healed" against "Bot01<6><BOT><Red>" (healing "5")
L 09/01/2023 - 05:51:29: "MzHat222<3><[U:1:1586969002]><Red>" triggered "healed" against "Bot01<6><BOT><Red>" (healing "1")
L 09/01/2023 - 05:51:30: "MzHat222<3><[U:1:1586969002]><Red>" triggered "healed" against "Bot01<6><BOT><Red>" (healing "1")
L 09/01/2023 - 05:51:31: "MzHat222<3><[U:1:1586969002]><Red>" triggered "healed" against "Bot01<6><BOT><Red>" (healing "6")
L 09/01/2023 - 05:51:34: "MzHat222<3><[U:1:1586969002]><Red>" triggered "empty_uber"
L 09/01/2023 - 05:51:34: "MzHat222<3><[U:1:1586969002]><Red>" triggered "chargeended" (duration "7.3")
L 09/01/2023 - 05:51:35: "MzHat222<3><[U:1:1586969002]><Red>" triggered "healed" against "Bot01<6><BOT><Red>" (healing "14")
L 09/01/2023 - 05:51:36: "MzHat222<3><[U:1:1586969002]><Red>" triggered "healed" against "Bot01<6><BOT><Red>" (healing "6")
L 09/01/2023 - 05:51:37: "MzHat222<3><[U:1:1586969002]><Red>" triggered "healed" against "Bot01<6><BOT><Red>" (healing "5")
L 09/01/2023 - 05:51:38: "MzHat222<3><[U:1:1586969002]><Red>" triggered "healed" against "Bot01<6><BOT><Red>" (healing "5")
L 09/01/2023 - 05:51:39: "MzHat222<3><[U:1:1586969002]><Red>" triggered "healed" against "Bot01<6><BOT><Red>" (healing "5")
L 09/01/2023 - 05:51:40: "MzHat222<3><[U:1:1586969002]><Red>" triggered "healed" against "Bot01<6><BOT><Red>" (healing "5")
L 09/01/2023 - 05:51:41: "MzHat222<3><[U:1:1586969002]><Red>" triggered "healed" against "Bot01<6><BOT><Red>" (healing "6")
L 09/01/2023 - 05:51:42: "MzHat222<3><[U:1:1586969002]><Red>" triggered "healed" against "Bot01<6><BOT><Red>" (healing "5")
L 09/01/2023 - 05:51:43: "MzHat222<3><[U:1:1586969002]><Red>" triggered "healed" against "Bot01<6><BOT><Red>" (healing "5")
L 09/01/2023 - 05:51:44: "MzHat222<3><[U:1:1586969002]><Red>" triggered "healed" against "Bot01<6><BOT><Red>" (healing "5")
L 09/01/2023 - 05:51:45: "MzHat222<3><[U:1:1586969002]><Red>" triggered "healed" against "Bot01<6><BOT><Red>" (healing "6")
L 09/01/2023 - 05:51:46: "MzHat222<3><[U:1:1586969002]><Red>" triggered "healed" against "Bot01<6><BOT><Red>" (healing "5")
L 09/01/2023 - 05:51:47: "MzHat222<3><[U:1:1586969002]><Red>" triggered "healed" against "Bot01<6><BOT><Red>" (healing "6")
L 09/01/2023 - 05:51:48: "MzHat222<3><[U:1:1586969002]><Red>" triggered "healed" against "Bot01<6><BOT><Red>" (healing "5")
L 09/01/2023 - 05:51:49: "MzHat222<3><[U:1:1586969002]><Red>" triggered "healed" against "Bot01<6><BOT><Red>" (healing "5")
L 09/01/2023 - 05:51:50: "MzHat222<3><[U:1:1586969002]><Red>" triggered "healed" against "Bot01<6><BOT><Red>" (healing "5")
L 09/01/2023 - 05:51:51: "MzHat222<3><[U:1:1586969002]><Red>" triggered "healed" against "Bot01<6><BOT><Red>" (healing "6")
L 09/01/2023 - 05:51:52: "MzHat222<3><[U:1:1586969002]><Red>" triggered "healed" against "Bot01<6><BOT><Red>" (healing "5")
L 09/01/2023 - 05:51:54: "MzHat222<3><[U:1:1586969002]><Red>" triggered "healed" against "Bot01<6><BOT><Red>" (healing "5")
L 09/01/2023 - 05:51:55: "MzHat222<3><[U:1:1586969002]><Red>" triggered "healed" against "Bot01<6><BOT><Red>" (healing "5")
L 09/01/2023 - 05:51:56: "MzHat222<3><[U:1:1586969002]><Red>" triggered "healed" against "Bot01<6><BOT><Red>" (healing "6")
L 09/01/2023 - 05:51:57: "MzHat222<3><[U:1:1586969002]><Red>" triggered "healed" against "Bot01<6><BOT><Red>" (healing "5")
L 09/01/2023 - 05:51:58: "MzHat222<3><[U:1:1586969002]><Red>" triggered "healed" against "Bot01<6><BOT><Red>" (healing "5")
L 09/01/2023 - 05:51:59: "MzHat222<3><[U:1:1586969002]><Red>" triggered "healed" against "Bot01<6><BOT><Red>" (healing "5")
L 09/01/2023 - 05:52:00: "MzHat222<3><[U:1:1586969002]><Red>" triggered "healed" against "Bot01<6><BOT><Red>" (healing "6")
L 09/01/2023 - 05:52:01: "MzHat222<3><[U:1:1586969002]><Red>" triggered "healed" against "Bot01<6><BOT><Red>" (healing "5")
L 09/01/2023 - 05:52:02: "MzHat222<3><[U:1:1586969002]><Red>" triggered "healed" against "Bot01<6><BOT><Red>" (healing "5")
L 09/01/2023 - 05:52:03: "MzHat222<3><[U:1:1586969002]><Red>" triggered "healed" against "Bot01<6><BOT><Red>" (healing "5")
L 09/01/2023 - 05:52:04: "MzHat222<3><[U:1:1586969002]><Red>" triggered "healed" against "Bot01<6><BOT><Red>" (healing "6")
L 09/01/2023 - 05:52:05: "MzHat222<3><[U:1:1586969002]><Red>" triggered "healed" against "Bot01<6><BOT><Red>" (healing "5")
L 09/01/2023 - 05:52:06: "MzHat222<3><[U:1:1586969002]><Red>" triggered "healed" against "Bot01<6><BOT><Red>" (healing "6")
L 09/01/2023 - 05:52:07: "MzHat222<3><[U:1:1586969002]><Red>" triggered "healed" against "Bot01<6><BOT><Red>" (healing "5")
L 09/01/2023 - 05:52:08: "MzHat222<3><[U:1:1586969002]><Red>" triggered "healed" against "Bot01<6><BOT><Red>" (healing "5")
L 09/01/2023 - 05:52:09: "MzHat222<3><[U:1:1586969002]><Red>" triggered "healed" against "Bot01<6><BOT><Red>" (healing "5")
L 09/01/2023 - 05:52:10: "MzHat222<3><[U:1:1586969002]><Red>" triggered "healed" against "Bot01<6><BOT><Red>" (healing "6")
L 09/01/2023 - 05:52:11: "MzHat222<3><[U:1:1586969002]><Red>" triggered "healed" against "Bot01<6><BOT><Red>" (healing "5")
L 09/01/2023 - 05:52:12: "MzHat222<3><[U:1:1586969002]><Red>" triggered "healed" against "Bot01<6><BOT><Red>" (healing "5")
L 09/01/2023 - 05:52:13: "MzHat222<3><[U:1:1586969002]><Red>" triggered "healed" against "Bot01<6><BOT><Red>" (healing "5")
L 09/01/2023 - 05:52:15: "MzHat222<3><[U:1:1586969002]><Red>" triggered "healed" against "Bot01<6><BOT><Red>" (healing "6")
L 09/01/2023 - 05:52:16: "MzHat222<3><[U:1:1586969002]><Red>" triggered "healed" against "Bot01<6><BOT><Red>" (healing "5")
L 09/01/2023 - 05:52:17: "MzHat222<3><[U:1:1586969002]><Red>" triggered "healed" against "Bot01<6><BOT><Red>" (healing "5")
L 09/01/2023 - 05:52:18: "MzHat222<3><[U:1:1586969002]><Red>" triggered "healed" against "Bot01<6><BOT><Red>" (healing "6")
L 09/01/2023 - 05:52:19: "MzHat222<3><[U:1:1586969002]><Red>" triggered "healed" against "Bot01<6><BOT><Red>" (healing "5")
L 09/01/2023 - 05:52:20: "MzHat222<3><[U:1:1586969002]><Red>" triggered "healed" against "Bot01<6><BOT><Red>" (healing "5")
L 09/01/2023 - 05:52:21: "MzHat222<3><[U:1:1586969002]><Red>" triggered "healed" against "Bot01<6><BOT><Red>" (healing "5")
L 09/01/2023 - 05:52:22: "MzHat222<3><[U:1:1586969002]><Red>" triggered "healed" against "Bot01<6><BOT><Red>" (healing "5")
L 09/01/2023 - 05:52:23: "MzHat222<3><[U:1:1586969002]><Red>" triggered "healed" against "Bot01<6><BOT><Red>" (healing "6")
L 09/01/2023 - 05:52:24: "MzHat222<3><[U:1:1586969002]><Red>" triggered "healed" against "Bot01<6><BOT><Red>" (healing "5")
L 09/01/2023 - 05:52:25: "MzHat222<3><[U:1:1586969002]><Red>" triggered "healed" against "Bot01<6><BOT><Red>" (healing "5")
L 09/01/2023 - 05:52:26: "MzHat222<3><[U:1:1586969002]><Red>" triggered "healed" against "Bot01<6><BOT><Red>" (healing "6")
L 09/01/2023 - 05:52:27: "MzHat222<3><[U:1:1586969002]><Red>" triggered "healed" against "Bot01<6><BOT><Red>" (healing "5")
L 09/01/2023 - 05:52:28: "MzHat222<3><[U:1:1586969002]><Red>" triggered "healed" against "Bot01<6><BOT><Red>" (healing "6")
L 09/01/2023 - 05:52:29: "MzHat222<3><[U:1:1586969002]><Red>" triggered "healed" against "Bot01<6><BOT><Red>" (healing "5")
L 09/01/2023 - 05:52:30: "MzHat222<3><[U:1:1586969002]><Red>" triggered "healed" against "Bot01<6><BOT><Red>" (healing "5")
L 09/01/2023 - 05:52:31: "MzHat222<3><[U:1:1586969002]><Red>" triggered "healed" against "Bot01<6><BOT><Red>" (healing "2")
L 09/01/2023 - 05:52:39: "MzHat222<3><[U:1:1586969002]><Red>" triggered "shot_fired" (weapon "syringegun_medic")
L 09/01/2023 - 05:52:39: "MzHat222<3><[U:1:1586969002]><Red>" triggered "shot_fired" (weapon "syringegun_medic")
L 09/01/2023 - 05:52:39: "MzHat222<3><[U:1:1586969002]><Red>" triggered "shot_fired" (weapon "syringegun_medic")
L 09/01/2023 - 05:52:39: "MzHat222<3><[U:1:1586969002]><Red>" triggered "shot_fired" (weapon "syringegun_medic")
L 09/01/2023 - 05:52:39: "MzHat222<3><[U:1:1586969002]><Red>" triggered "shot_fired" (weapon "syringegun_medic")
L 09/01/2023 - 05:52:39: "MzHat222<3><[U:1:1586969002]><Red>" triggered "shot_fired" (weapon "syringegun_medic")
L 09/01/2023 - 05:52:40: "MzHat222<3><[U:1:1586969002]><Red>" triggered "shot_fired" (weapon "syringegun_medic")
L 09/01/2023 - 05:52:40: "MzHat222<3><[U:1:1586969002]><Red>" triggered "shot_fired" (weapon "syringegun_medic")
L 09/01/2023 - 05:52:40: "MzHat222<3><[U:1:1586969002]><Red>" triggered "shot_fired" (weapon "syringegun_medic")
L 09/01/2023 - 05:52:40: "MzHat222<3><[U:1:1586969002]><Red>" triggered "shot_fired" (weapon "syringegun_medic")
L 09/01/2023 - 05:52:40: "MzHat222<3><[U:1:1586969002]><Red>" triggered "shot_hit" (weapon "syringegun_medic")
L 09/01/2023 - 05:52:40: "MzHat222<3><[U:1:1586969002]><Red>" triggered "damage" against "Let me drown in your arms<4><[U:1:12520781]><Blue>" (damage "6") (weapon "syringegun_medic")
L 09/01/2023 - 05:52:40: "MzHat222<3><[U:1:1586969002]><Red>" triggered "shot_hit" (weapon "syringegun_medic")
L 09/01/2023 - 05:52:40: "MzHat222<3><[U:1:1586969002]><Red>" triggered "damage" against "Let me drown in your arms<4><[U:1:12520781]><Blue>" (damage "7") (weapon "syringegun_medic")
L 09/01/2023 - 05:52:41: "MzHat222<3><[U:1:1586969002]><Red>" triggered "shot_hit" (weapon "syringegun_medic")
L 09/01/2023 - 05:52:41: "MzHat222<3><[U:1:1586969002]><Red>" triggered "damage" against "Let me drown in your arms<4><[U:1:12520781]><Blue>" (damage "7") (weapon "syringegun_medic")
L 09/01/2023 - 05:52:42: "MzHat222<3><[U:1:1586969002]><Red>" triggered "shot_fired" (weapon "syringegun_medic")
L 09/01/2023 - 05:52:42: "MzHat222<3><[U:1:1586969002]><Red>" triggered "shot_fired" (weapon "syringegun_medic")
L 09/01/2023 - 05:52:42: "MzHat222<3><[U:1:1586969002]><Red>" triggered "shot_fired" (weapon "syringegun_medic")
L 09/01/2023 - 05:52:42: "MzHat222<3><[U:1:1586969002]><Red>" triggered "shot_fired" (weapon "syringegun_medic")
L 09/01/2023 - 05:52:43: "MzHat222<3><[U:1:1586969002]><Red>" triggered "shot_fired" (weapon "syringegun_medic")
L 09/01/2023 - 05:52:43: "MzHat222<3><[U:1:1586969002]><Red>" triggered "shot_fired" (weapon "syringegun_medic")
L 09/01/2023 - 05:52:43: "MzHat222<3><[U:1:1586969002]><Red>" triggered "shot_hit" (weapon "syringegun_medic")
L 09/01/2023 - 05:52:43: "MzHat222<3><[U:1:1586969002]><Red>" triggered "damage" against "Let me drown in your arms<4><[U:1:12520781]><Blue>" (damage "9") (weapon "syringegun_medic")
L 09/01/2023 - 05:52:43: "MzHat222<3><[U:1:1586969002]><Red>" triggered "shot_fired" (weapon "syringegun_medic")
L 09/01/2023 - 05:52:43: "MzHat222<3><[U:1:1586969002]><Red>" triggered "shot_fired" (weapon "syringegun_medic")
L 09/01/2023 - 05:52:43: "MzHat222<3><[U:1:1586969002]><Red>" triggered "shot_fired" (weapon "syringegun_medic")
L 09/01/2023 - 05:52:43: "MzHat222<3><[U:1:1586969002]><Red>" triggered "shot_fired" (weapon "syringegun_medic")
L 09/01/2023 - 05:52:43: "MzHat222<3><[U:1:1586969002]><Red>" triggered "shot_hit" (weapon "syringegun_medic")
L 09/01/2023 - 05:52:43: "MzHat222<3><[U:1:1586969002]><Red>" triggered "damage" against "Let me drown in your arms<4><[U:1:12520781]><Blue>" (damage "9") (weapon "syringegun_medic")
L 09/01/2023 - 05:52:43: "MzHat222<3><[U:1:1586969002]><Red>" triggered "shot_hit" (weapon "syringegun_medic")
L 09/01/2023 - 05:52:43: "MzHat222<3><[U:1:1586969002]><Red>" triggered "damage" against "Let me drown in your arms<4><[U:1:12520781]><Blue>" (damage "9") (weapon "syringegun_medic")
L 09/01/2023 - 05:52:44: "MzHat222<3><[U:1:1586969002]><Red>" triggered "shot_hit" (weapon "syringegun_medic")
L 09/01/2023 - 05:52:44: "MzHat222<3><[U:1:1586969002]><Red>" triggered "damage" against "Let me drown in your arms<4><[U:1:12520781]><Blue>" (damage "9") (weapon "syringegun_medic")
L 09/01/2023 - 05:52:44: "MzHat222<3><[U:1:1586969002]><Red>" triggered "shot_hit" (weapon "syringegun_medic")
L 09/01/2023 - 05:52:44: "MzHat222<3><[U:1:1586969002]><Red>" triggered "damage" against "Let me drown in your arms<4><[U:1:12520781]><Blue>" (damage "9") (weapon "syringegun_medic")
L 09/01/2023 - 05:52:48: "Let me drown in your arms<4><[U:1:12520781]><Blue>" triggered "shot_fired" (weapon "pistol_scout")
L 09/01/2023 - 05:52:48: "Let me drown in your arms<4><[U:1:12520781]><Blue>" triggered "shot_hit" (weapon "pistol_scout")
L 09/01/2023 - 05:52:48: "Let me drown in your arms<4><[U:1:12520781]><Blue>" triggered "damage" against "MzHat222<3><[U:1:1586969002]><Red>" (damage "12") (weapon "pistol_scout")
L 09/01/2023 - 05:52:49: "Let me drown in your arms<4><[U:1:12520781]><Blue>" triggered "shot_fired" (weapon "pistol_scout")
L 09/01/2023 - 05:52:49: "Let me drown in your arms<4><[U:1:12520781]><Blue>" triggered "shot_hit" (weapon "pistol_scout")
L 09/01/2023 - 05:52:49: "Let me drown in your arms<4><[U:1:12520781]><Blue>" triggered "damage" against "MzHat222<3><[U:1:1586969002]><Red>" (damage "12") (weapon "pistol_scout")
L 09/01/2023 - 05:52:51: "Let me drown in your arms<4><[U:1:12520781]><Blue>" triggered "captureblocked" (cp "0") (cpname "#koth_viaduct_cap") (position "-1381 201 406")
L 09/01/2023 - 05:52:59: Team "Red" triggered "pointcaptured" (cp "0") (cpname "#koth_viaduct_cap") (numcappers "1") (player1 "MzHat222<3><[U:1:1586969002]><Red>") (position1 "-1573 58 231") 
L 09/01/2023 - 05:53:12: "MzHat222<3><[U:1:1586969002]><Red>" triggered "healed" against "Bot01<6><BOT><Red>" (healing "3")
L 09/01/2023 - 05:53:13: "MzHat222<3><[U:1:1586969002]><Red>" triggered "healed" against "Bot01<6><BOT><Red>" (healing "72")
L 09/01/2023 - 05:53:14: "MzHat222<3><[U:1:1586969002]><Red>" triggered "healed" against "Bot01<6><BOT><Red>" (healing "6")
L 09/01/2023 - 05:53:15: "MzHat222<3><[U:1:1586969002]><Red>" triggered "healed" against "Bot01<6><BOT><Red>" (healing "5")
L 09/01/2023 - 05:53:16: "MzHat222<3><[U:1:1586969002]><Red>" triggered "healed" against "Bot01<6><BOT><Red>" (healing "5")
L 09/01/2023 - 05:53:18: "MzHat222<3><[U:1:1586969002]><Red>" triggered "healed" against "Bot01<6><BOT><Red>" (healing "6")
L 09/01/2023 - 05:53:18: "Let me drown in your arms<4><[U:1:12520781]><Blue>" picked up item "medkit_medium" (healing "63")
L 09/01/2023 - 05:53:19: "MzHat222<3><[U:1:1586969002]><Red>" triggered "healed" against "Bot01<6><BOT><Red>" (healing "5")
L 09/01/2023 - 05:53:19: "Let me drown in your arms<4><[U:1:12520781]><Blue>" picked up item "ammopack_medium"
L 09/01/2023 - 05:53:20: "MzHat222<3><[U:1:1586969002]><Red>" triggered "healed" against "Bot01<6><BOT><Red>" (healing "5")
L 09/01/2023 - 05:53:21: "MzHat222<3><[U:1:1586969002]><Red>" triggered "healed" against "Bot01<6><BOT><Red>" (healing "6")
L 09/01/2023 - 05:53:22: "MzHat222<3><[U:1:1586969002]><Red>" triggered "healed" against "Bot01<6><BOT><Red>" (healing "5")
L 09/01/2023 - 05:53:23: "MzHat222<3><[U:1:1586969002]><Red>" triggered "healed" against "Bot01<6><BOT><Red>" (healing "5")
L 09/01/2023 - 05:53:24: "MzHat222<3><[U:1:1586969002]><Red>" triggered "healed" against "Bot01<6><BOT><Red>" (healing "5")
L 09/01/2023 - 05:53:25: "MzHat222<3><[U:1:1586969002]><Red>" triggered "healed" against "Bot01<6><BOT><Red>" (healing "5")
L 09/01/2023 - 05:53:26: "MzHat222<3><[U:1:1586969002]><Red>" triggered "healed" against "Bot01<6><BOT><Red>" (healing "6")
L 09/01/2023 - 05:53:27: "MzHat222<3><[U:1:1586969002]><Red>" triggered "healed" against "Bot01<6><BOT><Red>" (healing "5")
L 09/01/2023 - 05:53:28: "MzHat222<3><[U:1:1586969002]><Red>" triggered "healed" against "Bot01<6><BOT><Red>" (healing "5")
L 09/01/2023 - 05:53:29: "MzHat222<3><[U:1:1586969002]><Red>" triggered "healed" against "Bot01<6><BOT><Red>" (healing "5")
L 09/01/2023 - 05:53:30: "MzHat222<3><[U:1:1586969002]><Red>" triggered "healed" against "Bot01<6><BOT><Red>" (healing "6")
L 09/01/2023 - 05:53:31: "MzHat222<3><[U:1:1586969002]><Red>" triggered "healed" against "Bot01<6><BOT><Red>" (healing "5")
L 09/01/2023 - 05:53:32: "MzHat222<3><[U:1:1586969002]><Red>" triggered "healed" against "Bot01<6><BOT><Red>" (healing "5")
L 09/01/2023 - 05:53:33: "MzHat222<3><[U:1:1586969002]><Red>" triggered "healed" against "Bot01<6><BOT><Red>" (healing "5")
L 09/01/2023 - 05:53:34: "MzHat222<3><[U:1:1586969002]><Red>" triggered "healed" against "Bot01<6><BOT><Red>" (healing "6")
L 09/01/2023 - 05:53:34: "MzHat222<3><[U:1:1586969002]><Red>" triggered "chargeready"
L 09/01/2023 - 05:53:35: "MzHat222<3><[U:1:1586969002]><Red>" triggered "healed" against "Bot01<6><BOT><Red>" (healing "5")
L 09/01/2023 - 05:53:36: "MzHat222<3><[U:1:1586969002]><Red>" triggered "healed" against "Bot01<6><BOT><Red>" (healing "6")
L 09/01/2023 - 05:53:37: "MzHat222<3><[U:1:1586969002]><Red>" triggered "healed" against "Bot01<6><BOT><Red>" (healing "5")
L 09/01/2023 - 05:53:39: "MzHat222<3><[U:1:1586969002]><Red>" triggered "healed" against "Bot01<6><BOT><Red>" (healing "5")
L 09/01/2023 - 05:53:52: "Let me drown in your arms<4><[U:1:12520781]><Blue>" triggered "damage" against "MzHat222<3><[U:1:1586969002]><Red>" (damage "93") (weapon "soda_popper")
L 09/01/2023 - 05:53:53: "Let me drown in your arms<4><[U:1:12520781]><Blue>" triggered "damage" against "MzHat222<3><[U:1:1586969002]><Red>" (damage "104") (realdamage "57") (weapon "soda_popper")
L 09/01/2023 - 05:53:53: "Let me drown in your arms<4><[U:1:12520781]><Blue>" triggered "medic_death" against "MzHat222<3><[U:1:1586969002]><Red>" (healing "178") (ubercharge "1")
L 09/01/2023 - 05:53:53: "MzHat222<3><[U:1:1586969002]><Red>" triggered "medic_death_ex" (uberpct "100")
L 09/01/2023 - 05:53:53: "Let me drown in your arms<4><[U:1:12520781]><Blue>" killed "MzHat222<3><[U:1:1586969002]><Red>" with "soda_popper" (attacker_position "-1901 1235 34") (victim_position "-1846 1244 43")
L 09/01/2023 - 05:53:54: "Let me drown in your arms<4><[U:1:12520781]><Blue>" picked up item "tf_ammo_pack"
L 09/01/2023 - 05:53:58: "Let me drown in your arms<4><[U:1:12520781]><Blue>" say "l BOB"
L 09/01/2023 - 05:53:59: "MzHat222<3><[U:1:1586969002]><Red>" spawned as "medic"
L 09/01/2023 - 05:53:59: "MzHat222<3><[U:1:1586969002]><Red>" triggered "empty_uber"
L 09/01/2023 - 05:54:02: "Let me drown in your arms<4><[U:1:12520781]><Blue>" say "BOZO*"
L 09/01/2023 - 05:54:03: "Let me drown in your arms<4><[U:1:12520781]><Blue>" say_team "TEST"
L 09/01/2023 - 05:54:06: "MzHat222<3><[U:1:1586969002]><Red>" triggered "first_heal_after_spawn" (time "6.3")
L 09/01/2023 - 05:54:06: "MzHat222<3><[U:1:1586969002]><Red>" triggered "healed" against "Bot01<6><BOT><Red>" (healing "31")
L 09/01/2023 - 05:54:07: "MzHat222<3><[U:1:1586969002]><Red>" triggered "healed" against "Bot01<6><BOT><Red>" (healing "46")
L 09/01/2023 - 05:54:08: "MzHat222<3><[U:1:1586969002]><Red>" triggered "healed" against "Bot01<6><BOT><Red>" (healing "5")
L 09/01/2023 - 05:54:09: "MzHat222<3><[U:1:1586969002]><Red>" triggered "healed" against "Bot01<6><BOT><Red>" (healing "6")
L 09/01/2023 - 05:54:10: "MzHat222<3><[U:1:1586969002]><Red>" triggered "healed" against "Bot01<6><BOT><Red>" (healing "5")
L 09/01/2023 - 05:54:11: "MzHat222<3><[U:1:1586969002]><Red>" triggered "healed" against "Bot01<6><BOT><Red>" (healing "5")
L 09/01/2023 - 05:54:12: "MzHat222<3><[U:1:1586969002]><Red>" triggered "healed" against "Bot01<6><BOT><Red>" (healing "6")
L 09/01/2023 - 05:54:13: "MzHat222<3><[U:1:1586969002]><Red>" triggered "healed" against "Bot01<6><BOT><Red>" (healing "5")
L 09/01/2023 - 05:54:14: "MzHat222<3><[U:1:1586969002]><Red>" triggered "healed" against "Bot01<6><BOT><Red>" (healing "5")
L 09/01/2023 - 05:54:15: "MzHat222<3><[U:1:1586969002]><Red>" triggered "healed" against "Bot01<6><BOT><Red>" (healing "5")
L 09/01/2023 - 05:54:16: "MzHat222<3><[U:1:1586969002]><Red>" triggered "healed" against "Bot01<6><BOT><Red>" (healing "6")
L 09/01/2023 - 05:54:17: "MzHat222<3><[U:1:1586969002]><Red>" triggered "healed" against "Bot01<6><BOT><Red>" (healing "5")
L 09/01/2023 - 05:54:18: "MzHat222<3><[U:1:1586969002]><Red>" triggered "healed" against "Bot01<6><BOT><Red>" (healing "5")
L 09/01/2023 - 05:54:19: "MzHat222<3><[U:1:1586969002]><Red>" triggered "healed" against "Bot01<6><BOT><Red>" (healing "5")
L 09/01/2023 - 05:54:21: "MzHat222<3><[U:1:1586969002]><Red>" triggered "healed" against "Bot01<6><BOT><Red>" (healing "6")
L 09/01/2023 - 05:54:22: "MzHat222<3><[U:1:1586969002]><Red>" triggered "healed" against "Bot01<6><BOT><Red>" (healing "5")
L 09/01/2023 - 05:54:23: "MzHat222<3><[U:1:1586969002]><Red>" triggered "healed" against "Bot01<6><BOT><Red>" (healing "5")
L 09/01/2023 - 05:54:24: "MzHat222<3><[U:1:1586969002]><Red>" triggered "healed" against "Bot01<6><BOT><Red>" (healing "6")
L 09/01/2023 - 05:54:25: "MzHat222<3><[U:1:1586969002]><Red>" triggered "healed" against "Bot01<6><BOT><Red>" (healing "5")
L 09/01/2023 - 05:54:26: "MzHat222<3><[U:1:1586969002]><Red>" triggered "healed" against "Bot01<6><BOT><Red>" (healing "5")
L 09/01/2023 - 05:54:27: "MzHat222<3><[U:1:1586969002]><Red>" triggered "healed" against "Bot01<6><BOT><Red>" (healing "5")
L 09/01/2023 - 05:54:28: "MzHat222<3><[U:1:1586969002]><Red>" triggered "healed" against "Bot01<6><BOT><Red>" (healing "6")
L 09/01/2023 - 05:54:29: "MzHat222<3><[U:1:1586969002]><Red>" triggered "healed" against "Bot01<6><BOT><Red>" (healing "5")
L 09/01/2023 - 05:54:30: "MzHat222<3><[U:1:1586969002]><Red>" triggered "healed" against "Bot01<6><BOT><Red>" (healing "5")
L 09/01/2023 - 05:54:31: "MzHat222<3><[U:1:1586969002]><Red>" triggered "healed" against "Bot01<6><BOT><Red>" (healing "6")
L 09/01/2023 - 05:54:32: "Let me drown in your arms<4><[U:1:12520781]><Blue>" triggered "damage" against "MzHat222<3><[U:1:1586969002]><Red>" (damage "101") (weapon "soda_popper")
L 09/01/2023 - 05:54:32: "Let me drown in your arms<4><[U:1:12520781]><Blue>" triggered "damage" against "MzHat222<3><[U:1:1586969002]><Red>" (damage "102") (realdamage "52") (weapon "soda_popper")
L 09/01/2023 - 05:54:32: "Let me drown in your arms<4><[U:1:12520781]><Blue>" triggered "medic_death" against "MzHat222<3><[U:1:1586969002]><Red>" (healing "74") (ubercharge "0")
L 09/01/2023 - 05:54:32: "MzHat222<3><[U:1:1586969002]><Red>" triggered "medic_death_ex" (uberpct "34")
L 09/01/2023 - 05:54:32: "Let me drown in your arms<4><[U:1:12520781]><Blue>" killed "MzHat222<3><[U:1:1586969002]><Red>" with "soda_popper" (attacker_position "-1084 2987 64") (victim_position "-1079 3091 64")
L 09/01/2023 - 05:54:32: "MzHat222<3><[U:1:1586969002]><Red>" triggered "healed" against "Bot01<6><BOT><Red>" (healing "5")
L 09/01/2023 - 05:54:38: "MzHat222<3><[U:1:1586969002]><Red>" spawned as "medic"
L 09/01/2023 - 05:54:39: "MzHat222<3><[U:1:1586969002]><Red>" triggered "empty_uber"
L 09/01/2023 - 05:54:48: "Let me drown in your arms<4><[U:1:12520781]><Blue>" triggered "damage" against "MzHat222<3><[U:1:1586969002]><Red>" (damage "66") (weapon "soda_popper")
L 09/01/2023 - 05:54:49: "Let me drown in your arms<4><[U:1:12520781]><Blue>" picked up item "tf_ammo_pack"
L 09/01/2023 - 05:54:49: "Let me drown in your arms<4><[U:1:12520781]><Blue>" triggered "damage" against "MzHat222<3><[U:1:1586969002]><Red>" (damage "102") (realdamage "84") (weapon "soda_popper")
L 09/01/2023 - 05:54:49: "Let me drown in your arms<4><[U:1:12520781]><Blue>" triggered "medic_death" against "MzHat222<3><[U:1:1586969002]><Red>" (healing "0") (ubercharge "0")
L 09/01/2023 - 05:54:49: "MzHat222<3><[U:1:1586969002]><Red>" triggered "medic_death_ex" (uberpct "0")
L 09/01/2023 - 05:54:49: "Let me drown in your arms<4><[U:1:12520781]><Blue>" killed "MzHat222<3><[U:1:1586969002]><Red>" with "soda_popper" (attacker_position "-1078 3085 64") (victim_position "-1001 3167 64")
L 09/01/2023 - 05:54:55: "MzHat222<3><[U:1:1586969002]><Red>" spawned as "medic"
L 09/01/2023 - 05:54:55: "MzHat222<3><[U:1:1586969002]><Red>" triggered "empty_uber"
L 09/01/2023 - 05:55:20: Team "Blue" triggered "pointcaptured" (cp "0") (cpname "#koth_viaduct_cap") (numcappers "1") (player1 "Let me drown in your arms<4><[U:1:12520781]><Blue>") (position1 "-1452 66 231") 
L 09/01/2023 - 05:55:25: World triggered "Round_Win" (winner "Blue")
L 09/01/2023 - 05:55:25: World triggered "Round_Length" (seconds "369.63")
L 09/01/2023 - 05:55:25: Team "Red" current score "0" with "2" players
L 09/01/2023 - 05:55:25: Team "Blue" current score "1" with "2" players
L 09/01/2023 - 05:55:33: World triggered "Round_Start"
L 09/01/2023 - 05:55:33: "MzHat222<3><[U:1:1586969002]><Red>" spawned as "medic"
L 09/01/2023 - 05:55:33: "Let me drown in your arms<4><[U:1:12520781]><Blue>" spawned as "scout"
L 09/01/2023 - 05:55:33: "Bot01<6><BOT><Red>" spawned as "medic"
L 09/01/2023 - 05:55:33: "Bot02<7><BOT><Blue>" spawned as "medic"
L 09/01/2023 - 05:55:33: "MzHat222<3><[U:1:1586969002]><Red>" triggered "empty_uber"
L 09/01/2023 - 05:55:33: "Bot02<7><BOT><Blue>" triggered "empty_uber"
L 09/01/2023 - 05:55:39: "MzHat222<3><[U:1:1586969002]><Red>" triggered "shot_fired" (weapon "syringegun_medic")
L 09/01/2023 - 05:55:39: "MzHat222<3><[U:1:1586969002]><Red>" triggered "shot_fired" (weapon "syringegun_medic")
L 09/01/2023 - 05:56:11: "MzHat222<3><[U:1:1586969002]><Red>" triggered "captureblocked" (cp "0") (cpname "#koth_viaduct_cap") (position "-1799 0 236")
L 09/01/2023 - 05:56:12: Team "Blue" triggered "pointcaptured" (cp "0") (cpname "#koth_viaduct_cap") (numcappers "1") (player1 "Let me drown in your arms<4><[U:1:12520781]><Blue>") (position1 "-1514 -7 231") 
L 09/01/2023 - 05:56:13: "Let me drown in your arms<4><[U:1:12520781]><Blue>" triggered "damage" against "MzHat222<3><[U:1:1586969002]><Red>" (damage "21") (weapon "the_winger")
L 09/01/2023 - 05:56:14: "Let me drown in your arms<4><[U:1:12520781]><Blue>" triggered "damage" against "MzHat222<3><[U:1:1586969002]><Red>" (damage "20") (weapon "the_winger")
L 09/01/2023 - 05:56:15: "Let me drown in your arms<4><[U:1:12520781]><Blue>" triggered "damage" against "MzHat222<3><[U:1:1586969002]><Red>" (damage "26") (weapon "the_winger")
L 09/01/2023 - 05:56:15: "Let me drown in your arms<4><[U:1:12520781]><Blue>" triggered "damage" against "MzHat222<3><[U:1:1586969002]><Red>" (damage "26") (weapon "the_winger")
L 09/01/2023 - 05:56:16: "Let me drown in your arms<4><[U:1:12520781]><Blue>" triggered "damage" against "MzHat222<3><[U:1:1586969002]><Red>" (damage "26") (weapon "the_winger")
L 09/01/2023 - 05:56:16: "Let me drown in your arms<4><[U:1:12520781]><Blue>" triggered "damage" against "MzHat222<3><[U:1:1586969002]><Red>" (damage "26") (weapon "the_winger")
L 09/01/2023 - 05:56:16: "Let me drown in your arms<4><[U:1:12520781]><Blue>" triggered "damage" against "MzHat222<3><[U:1:1586969002]><Red>" (damage "26") (realdamage "14") (weapon "the_winger")
L 09/01/2023 - 05:56:16: "Let me drown in your arms<4><[U:1:12520781]><Blue>" triggered "medic_death" against "MzHat222<3><[U:1:1586969002]><Red>" (healing "0") (ubercharge "0")
L 09/01/2023 - 05:56:16: "MzHat222<3><[U:1:1586969002]><Red>" triggered "medic_death_ex" (uberpct "0")
L 09/01/2023 - 05:56:16: "Let me drown in your arms<4><[U:1:12520781]><Blue>" killed "MzHat222<3><[U:1:1586969002]><Red>" with "the_winger" (attacker_position "-1858 6 243") (victim_position "-1906 17 256")
L 09/01/2023 - 05:56:16: "Let me drown in your arms<4><[U:1:12520781]><Blue>" triggered "domination" against "MzHat222<3><[U:1:1586969002]><Red>"
L 09/01/2023 - 05:56:16: "Let me drown in your arms<4><[U:1:12520781]><Blue>" picked up item "tf_ammo_pack"
L 09/01/2023 - 05:56:22: "MzHat222<3><[U:1:1586969002]><Red>" spawned as "medic"
L 09/01/2023 - 05:56:23: "MzHat222<3><[U:1:1586969002]><Red>" triggered "empty_uber"
L 09/01/2023 - 05:56:33: "Let me drown in your arms<4><[U:1:12520781]><Blue>" picked up item "medkit_medium" (healing "16")
L 09/01/2023 - 05:56:33: "Let me drown in your arms<4><[U:1:12520781]><Blue>" picked up item "ammopack_medium"
L 09/01/2023 - 05:57:13: "Let me drown in your arms<4><[U:1:12520781]><Blue>" say "!FREEITEMS"
L 09/01/2023 - 05:58:37: "Let me drown in your arms<4><[U:1:12520781]><Blue>" picked up item "medkit_medium" (healing "14")
L 09/01/2023 - 05:58:37: "Let me drown in your arms<4><[U:1:12520781]><Blue>" picked up item "ammopack_medium"
L 09/01/2023 - 05:59:12: World triggered "Round_Win" (winner "Blue")
L 09/01/2023 - 05:59:12: World triggered "Round_Length" (seconds "218.90")
L 09/01/2023 - 05:59:12: Team "Red" current score "0" with "2" players
L 09/01/2023 - 05:59:12: Team "Blue" current score "2" with "2" players
L 09/01/2023 - 05:59:20: World triggered "Round_Start"
L 09/01/2023 - 05:59:20: "MzHat222<3><[U:1:1586969002]><Red>" spawned as "medic"
L 09/01/2023 - 05:59:20: "Let me drown in your arms<4><[U:1:12520781]><Blue>" spawned as "scout"
L 09/01/2023 - 05:59:20: "Bot01<6><BOT><Red>" spawned as "medic"
L 09/01/2023 - 05:59:20: "Bot02<7><BOT><Blue>" spawned as "medic"
L 09/01/2023 - 05:59:20: "MzHat222<3><[U:1:1586969002]><Red>" triggered "empty_uber"
L 09/01/2023 - 05:59:20: "Bot02<7><BOT><Blue>" triggered "empty_uber"
L 09/01/2023 - 05:59:44: "Let me drown in your arms<4><[U:1:12520781]><Blue>" triggered "shot_fired" (weapon "scattergun")
L 09/01/2023 - 05:59:46: "MzHat222<3><[U:1:1586969002]><Red>" triggered "shot_fired" (weapon "syringegun_medic")
L 09/01/2023 - 05:59:58: Team "Blue" triggered "pointcaptured" (cp "0") (cpname "#koth_viaduct_cap") (numcappers "1") (player1 "Let me drown in your arms<4><[U:1:12520781]><Blue>") (position1 "-1601 17 261") 
L 09/01/2023 - 06:00:06: "Let me drown in your arms<4><[U:1:12520781]><Blue>" triggered "shot_fired" (weapon "scattergun")
L 09/01/2023 - 06:00:08: "Let me drown in your arms<4><[U:1:12520781]><Blue>" triggered "shot_fired" (weapon "scattergun")
L 09/01/2023 - 06:00:08: "Let me drown in your arms<4><[U:1:12520781]><Blue>" triggered "shot_fired" (weapon "scattergun")
L 09/01/2023 - 06:00:09: "Let me drown in your arms<4><[U:1:12520781]><Blue>" triggered "shot_fired" (weapon "scattergun")
L 09/01/2023 - 06:00:10: "Let me drown in your arms<4><[U:1:12520781]><Blue>" triggered "shot_fired" (weapon "scattergun")
L 09/01/2023 - 06:00:13: "Let me drown in your arms<4><[U:1:12520781]><Blue>" triggered "shot_fired" (weapon "scattergun")
L 09/01/2023 - 06:00:14: "Let me drown in your arms<4><[U:1:12520781]><Blue>" triggered "shot_fired" (weapon "scattergun")
L 09/01/2023 - 06:00:14: "Let me drown in your arms<4><[U:1:12520781]><Blue>" triggered "shot_fired" (weapon "scattergun")
L 09/01/2023 - 06:00:15: "Let me drown in your arms<4><[U:1:12520781]><Blue>" triggered "shot_fired" (weapon "scattergun")
L 09/01/2023 - 06:00:16: "Console<0><Console><Console>" say "All our servers are now also accessible through SDR (Valve's gaming VPN), type !sdr to view the connect info"
L 09/01/2023 - 06:00:16: "Let me drown in your arms<4><[U:1:12520781]><Blue>" triggered "shot_fired" (weapon "scattergun")
L 09/01/2023 - 06:00:18: "Let me drown in your arms<4><[U:1:12520781]><Blue>" triggered "shot_fired" (weapon "scattergun")
L 09/01/2023 - 06:00:22: "Let me drown in your arms<4><[U:1:12520781]><Blue>" triggered "shot_fired" (weapon "scattergun")
L 09/01/2023 - 06:00:24: "Let me drown in your arms<4><[U:1:12520781]><Blue>" triggered "shot_fired" (weapon "scattergun")
L 09/01/2023 - 06:00:26: "Let me drown in your arms<4><[U:1:12520781]><Blue>" triggered "shot_fired" (weapon "scattergun")
L 09/01/2023 - 06:00:28: "Let me drown in your arms<4><[U:1:12520781]><Blue>" triggered "shot_fired" (weapon "scattergun")
L 09/01/2023 - 06:00:29: "Let me drown in your arms<4><[U:1:12520781]><Blue>" triggered "shot_fired" (weapon "scattergun")
L 09/01/2023 - 06:00:30: "Let me drown in your arms<4><[U:1:12520781]><Blue>" triggered "shot_fired" (weapon "scattergun")
L 09/01/2023 - 06:00:32: "Let me drown in your arms<4><[U:1:12520781]><Blue>" triggered "shot_fired" (weapon "scattergun")
L 09/01/2023 - 06:00:33: "Let me drown in your arms<4><[U:1:12520781]><Blue>" triggered "shot_fired" (weapon "scattergun")
L 09/01/2023 - 06:00:33: "Let me drown in your arms<4><[U:1:12520781]><Blue>" triggered "shot_fired" (weapon "scattergun")
L 09/01/2023 - 06:00:34: "Let me drown in your arms<4><[U:1:12520781]><Blue>" triggered "shot_fired" (weapon "scattergun")
L 09/01/2023 - 06:00:35: "Let me drown in your arms<4><[U:1:12520781]><Blue>" triggered "shot_fired" (weapon "scattergun")
L 09/01/2023 - 06:00:35: "Let me drown in your arms<4><[U:1:12520781]><Blue>" triggered "shot_fired" (weapon "scattergun")
L 09/01/2023 - 06:00:40: "Let me drown in your arms<4><[U:1:12520781]><Blue>" triggered "shot_fired" (weapon "scattergun")
L 09/01/2023 - 06:00:40: "Let me drown in your arms<4><[U:1:12520781]><Blue>" triggered "shot_fired" (weapon "scattergun")
L 09/01/2023 - 06:00:43: "Let me drown in your arms<4><[U:1:12520781]><Blue>" triggered "shot_fired" (weapon "scattergun")
L 09/01/2023 - 06:00:43: "Let me drown in your arms<4><[U:1:12520781]><Blue>" triggered "shot_fired" (weapon "scattergun")
L 09/01/2023 - 06:00:44: "Let me drown in your arms<4><[U:1:12520781]><Blue>" triggered "shot_fired" (weapon "scattergun")
L 09/01/2023 - 06:00:44: "Let me drown in your arms<4><[U:1:12520781]><Blue>" triggered "shot_fired" (weapon "scattergun")
L 09/01/2023 - 06:00:45: "Let me drown in your arms<4><[U:1:12520781]><Blue>" triggered "shot_fired" (weapon "scattergun")
L 09/01/2023 - 06:00:46: "Let me drown in your arms<4><[U:1:12520781]><Blue>" triggered "shot_fired" (weapon "scattergun")
L 09/01/2023 - 06:00:52: "Let me drown in your arms<4><[U:1:12520781]><Blue>" picked up item "ammopack_medium"
L 09/01/2023 - 06:00:57: "Let me drown in your arms<4><[U:1:12520781]><Blue>" triggered "shot_fired" (weapon "scattergun")
L 09/01/2023 - 06:00:58: "Let me drown in your arms<4><[U:1:12520781]><Blue>" triggered "shot_fired" (weapon "scattergun")
L 09/01/2023 - 06:00:59: "Let me drown in your arms<4><[U:1:12520781]><Blue>" triggered "shot_fired" (weapon "scattergun")
L 09/01/2023 - 06:00:59: "Let me drown in your arms<4><[U:1:12520781]><Blue>" triggered "shot_fired" (weapon "scattergun")
L 09/01/2023 - 06:01:00: "Let me drown in your arms<4><[U:1:12520781]><Blue>" triggered "shot_fired" (weapon "scattergun")
L 09/01/2023 - 06:01:01: "Let me drown in your arms<4><[U:1:12520781]><Blue>" triggered "shot_fired" (weapon "scattergun")
L 09/01/2023 - 06:01:02: "Let me drown in your arms<4><[U:1:12520781]><Blue>" triggered "shot_fired" (weapon "scattergun")
L 09/01/2023 - 06:01:05: "MzHat222<3><[U:1:1586969002]><Red>" triggered "shot_fired" (weapon "syringegun_medic")
L 09/01/2023 - 06:01:05: "MzHat222<3><[U:1:1586969002]><Red>" triggered "shot_fired" (weapon "syringegun_medic")
L 09/01/2023 - 06:01:05: "MzHat222<3><[U:1:1586969002]><Red>" triggered "shot_fired" (weapon "syringegun_medic")
L 09/01/2023 - 06:01:05: "MzHat222<3><[U:1:1586969002]><Red>" triggered "shot_fired" (weapon "syringegun_medic")
L 09/01/2023 - 06:01:05: "MzHat222<3><[U:1:1586969002]><Red>" triggered "shot_fired" (weapon "syringegun_medic")
L 09/01/2023 - 06:01:05: "MzHat222<3><[U:1:1586969002]><Red>" triggered "shot_fired" (weapon "syringegun_medic")
L 09/01/2023 - 06:01:05: "MzHat222<3><[U:1:1586969002]><Red>" triggered "shot_fired" (weapon "syringegun_medic")
L 09/01/2023 - 06:01:05: "MzHat222<3><[U:1:1586969002]><Red>" triggered "shot_fired" (weapon "syringegun_medic")
L 09/01/2023 - 06:01:05: "MzHat222<3><[U:1:1586969002]><Red>" triggered "shot_fired" (weapon "syringegun_medic")
L 09/01/2023 - 06:01:06: "MzHat222<3><[U:1:1586969002]><Red>" triggered "shot_fired" (weapon "syringegun_medic")
L 09/01/2023 - 06:01:06: "MzHat222<3><[U:1:1586969002]><Red>" triggered "shot_fired" (weapon "syringegun_medic")
L 09/01/2023 - 06:01:06: "MzHat222<3><[U:1:1586969002]><Red>" triggered "shot_fired" (weapon "syringegun_medic")
L 09/01/2023 - 06:01:06: "MzHat222<3><[U:1:1586969002]><Red>" triggered "shot_fired" (weapon "syringegun_medic")
L 09/01/2023 - 06:01:06: "MzHat222<3><[U:1:1586969002]><Red>" triggered "shot_fired" (weapon "syringegun_medic")
L 09/01/2023 - 06:01:06: "MzHat222<3><[U:1:1586969002]><Red>" triggered "shot_fired" (weapon "syringegun_medic")
L 09/01/2023 - 06:01:06: "MzHat222<3><[U:1:1586969002]><Red>" triggered "shot_fired" (weapon "syringegun_medic")
L 09/01/2023 - 06:01:06: "MzHat222<3><[U:1:1586969002]><Red>" triggered "shot_fired" (weapon "syringegun_medic")
L 09/01/2023 - 06:01:06: "MzHat222<3><[U:1:1586969002]><Red>" triggered "shot_fired" (weapon "syringegun_medic")
L 09/01/2023 - 06:01:06: "MzHat222<3><[U:1:1586969002]><Red>" triggered "shot_fired" (weapon "syringegun_medic")
L 09/01/2023 - 06:01:07: "MzHat222<3><[U:1:1586969002]><Red>" triggered "shot_fired" (weapon "syringegun_medic")
L 09/01/2023 - 06:01:07: "MzHat222<3><[U:1:1586969002]><Red>" triggered "shot_fired" (weapon "syringegun_medic")
L 09/01/2023 - 06:01:07: "MzHat222<3><[U:1:1586969002]><Red>" triggered "shot_fired" (weapon "syringegun_medic")
L 09/01/2023 - 06:01:07: "MzHat222<3><[U:1:1586969002]><Red>" triggered "shot_fired" (weapon "syringegun_medic")
L 09/01/2023 - 06:01:07: "MzHat222<3><[U:1:1586969002]><Red>" triggered "shot_fired" (weapon "syringegun_medic")
L 09/01/2023 - 06:01:07: "MzHat222<3><[U:1:1586969002]><Red>" triggered "shot_fired" (weapon "syringegun_medic")
L 09/01/2023 - 06:01:07: "MzHat222<3><[U:1:1586969002]><Red>" triggered "shot_fired" (weapon "syringegun_medic")
L 09/01/2023 - 06:01:07: "MzHat222<3><[U:1:1586969002]><Red>" triggered "shot_fired" (weapon "syringegun_medic")
L 09/01/2023 - 06:01:07: "MzHat222<3><[U:1:1586969002]><Red>" triggered "shot_fired" (weapon "syringegun_medic")
L 09/01/2023 - 06:01:08: "MzHat222<3><[U:1:1586969002]><Red>" triggered "shot_fired" (weapon "syringegun_medic")
L 09/01/2023 - 06:01:08: "MzHat222<3><[U:1:1586969002]><Red>" triggered "shot_fired" (weapon "syringegun_medic")
L 09/01/2023 - 06:01:08: "MzHat222<3><[U:1:1586969002]><Red>" triggered "shot_fired" (weapon "syringegun_medic")
L 09/01/2023 - 06:01:08: "MzHat222<3><[U:1:1586969002]><Red>" triggered "shot_fired" (weapon "syringegun_medic")
L 09/01/2023 - 06:01:08: "MzHat222<3><[U:1:1586969002]><Red>" triggered "shot_fired" (weapon "syringegun_medic")
L 09/01/2023 - 06:01:08: "MzHat222<3><[U:1:1586969002]><Red>" triggered "shot_fired" (weapon "syringegun_medic")
L 09/01/2023 - 06:01:08: "MzHat222<3><[U:1:1586969002]><Red>" triggered "shot_fired" (weapon "syringegun_medic")
L 09/01/2023 - 06:01:08: "MzHat222<3><[U:1:1586969002]><Red>" triggered "shot_fired" (weapon "syringegun_medic")
L 09/01/2023 - 06:01:08: "MzHat222<3><[U:1:1586969002]><Red>" triggered "shot_fired" (weapon "syringegun_medic")
L 09/01/2023 - 06:01:08: "MzHat222<3><[U:1:1586969002]><Red>" triggered "shot_fired" (weapon "syringegun_medic")
L 09/01/2023 - 06:01:09: "MzHat222<3><[U:1:1586969002]><Red>" triggered "shot_fired" (weapon "syringegun_medic")
L 09/01/2023 - 06:01:09: "MzHat222<3><[U:1:1586969002]><Red>" triggered "shot_fired" (weapon "syringegun_medic")
L 09/01/2023 - 06:01:10: "Let me drown in your arms<4><[U:1:12520781]><Blue>" triggered "shot_fired" (weapon "scattergun")
L 09/01/2023 - 06:01:11: "Let me drown in your arms<4><[U:1:12520781]><Blue>" triggered "shot_fired" (weapon "scattergun")
L 09/01/2023 - 06:01:19: "MzHat222<3><[U:1:1586969002]><Red>" triggered "shot_fired" (weapon "syringegun_medic")
L 09/01/2023 - 06:01:19: "MzHat222<3><[U:1:1586969002]><Red>" triggered "shot_fired" (weapon "syringegun_medic")
L 09/01/2023 - 06:01:19: "MzHat222<3><[U:1:1586969002]><Red>" triggered "shot_fired" (weapon "syringegun_medic")
L 09/01/2023 - 06:01:19: "MzHat222<3><[U:1:1586969002]><Red>" triggered "shot_fired" (weapon "syringegun_medic")
L 09/01/2023 - 06:01:20: "MzHat222<3><[U:1:1586969002]><Red>" triggered "shot_fired" (weapon "syringegun_medic")
L 09/01/2023 - 06:01:20: "MzHat222<3><[U:1:1586969002]><Red>" triggered "shot_fired" (weapon "syringegun_medic")
L 09/01/2023 - 06:01:20: "MzHat222<3><[U:1:1586969002]><Red>" triggered "shot_fired" (weapon "syringegun_medic")
L 09/01/2023 - 06:01:21: "MzHat222<3><[U:1:1586969002]><Red>" triggered "shot_fired" (weapon "syringegun_medic")
L 09/01/2023 - 06:01:21: "MzHat222<3><[U:1:1586969002]><Red>" triggered "shot_fired" (weapon "syringegun_medic")
L 09/01/2023 - 06:01:21: "MzHat222<3><[U:1:1586969002]><Red>" triggered "shot_fired" (weapon "syringegun_medic")
L 09/01/2023 - 06:01:22: "MzHat222<3><[U:1:1586969002]><Red>" triggered "shot_fired" (weapon "syringegun_medic")
L 09/01/2023 - 06:01:22: "MzHat222<3><[U:1:1586969002]><Red>" triggered "shot_fired" (weapon "syringegun_medic")
L 09/01/2023 - 06:01:22: "MzHat222<3><[U:1:1586969002]><Red>" triggered "shot_fired" (weapon "syringegun_medic")
L 09/01/2023 - 06:01:22: "MzHat222<3><[U:1:1586969002]><Red>" triggered "shot_fired" (weapon "syringegun_medic")
L 09/01/2023 - 06:01:22: "MzHat222<3><[U:1:1586969002]><Red>" triggered "shot_fired" (weapon "syringegun_medic")
L 09/01/2023 - 06:01:22: "MzHat222<3><[U:1:1586969002]><Red>" triggered "shot_fired" (weapon "syringegun_medic")
L 09/01/2023 - 06:01:22: "MzHat222<3><[U:1:1586969002]><Red>" triggered "shot_fired" (weapon "syringegun_medic")
L 09/01/2023 - 06:01:22: "MzHat222<3><[U:1:1586969002]><Red>" triggered "shot_fired" (weapon "syringegun_medic")
L 09/01/2023 - 06:01:22: "MzHat222<3><[U:1:1586969002]><Red>" triggered "shot_fired" (weapon "syringegun_medic")
L 09/01/2023 - 06:01:23: "MzHat222<3><[U:1:1586969002]><Red>" triggered "shot_fired" (weapon "syringegun_medic")
L 09/01/2023 - 06:01:23: "MzHat222<3><[U:1:1586969002]><Red>" triggered "shot_fired" (weapon "syringegun_medic")
L 09/01/2023 - 06:01:23: "MzHat222<3><[U:1:1586969002]><Red>" triggered "shot_fired" (weapon "syringegun_medic")
L 09/01/2023 - 06:01:23: "MzHat222<3><[U:1:1586969002]><Red>" triggered "shot_fired" (weapon "syringegun_medic")
L 09/01/2023 - 06:01:23: "MzHat222<3><[U:1:1586969002]><Red>" triggered "shot_fired" (weapon "syringegun_medic")
L 09/01/2023 - 06:01:23: "MzHat222<3><[U:1:1586969002]><Red>" triggered "shot_fired" (weapon "syringegun_medic")
L 09/01/2023 - 06:01:23: "MzHat222<3><[U:1:1586969002]><Red>" triggered "shot_fired" (weapon "syringegun_medic")
L 09/01/2023 - 06:01:23: "MzHat222<3><[U:1:1586969002]><Red>" triggered "shot_fired" (weapon "syringegun_medic")
L 09/01/2023 - 06:01:23: "MzHat222<3><[U:1:1586969002]><Red>" triggered "shot_fired" (weapon "syringegun_medic")
L 09/01/2023 - 06:01:23: "MzHat222<3><[U:1:1586969002]><Red>" triggered "shot_fired" (weapon "syringegun_medic")
L 09/01/2023 - 06:01:24: "MzHat222<3><[U:1:1586969002]><Red>" triggered "shot_fired" (weapon "syringegun_medic")
L 09/01/2023 - 06:01:24: "MzHat222<3><[U:1:1586969002]><Red>" triggered "shot_hit" (weapon "syringegun_medic")
L 09/01/2023 - 06:01:24: "MzHat222<3><[U:1:1586969002]><Red>" triggered "damage" against "Let me drown in your arms<4><[U:1:12520781]><Blue>" (damage "5") (weapon "syringegun_medic")
L 09/01/2023 - 06:01:24: "MzHat222<3><[U:1:1586969002]><Red>" triggered "shot_fired" (weapon "syringegun_medic")
L 09/01/2023 - 06:01:24: "MzHat222<3><[U:1:1586969002]><Red>" triggered "shot_fired" (weapon "syringegun_medic")
L 09/01/2023 - 06:01:24: "MzHat222<3><[U:1:1586969002]><Red>" triggered "shot_fired" (weapon "syringegun_medic")
L 09/01/2023 - 06:01:24: "MzHat222<3><[U:1:1586969002]><Red>" triggered "shot_fired" (weapon "syringegun_medic")
L 09/01/2023 - 06:01:24: "MzHat222<3><[U:1:1586969002]><Red>" triggered "shot_fired" (weapon "syringegun_medic")
L 09/01/2023 - 06:01:24: "MzHat222<3><[U:1:1586969002]><Red>" triggered "shot_fired" (weapon "syringegun_medic")
L 09/01/2023 - 06:01:24: "MzHat222<3><[U:1:1586969002]><Red>" triggered "shot_fired" (weapon "syringegun_medic")
L 09/01/2023 - 06:01:24: "MzHat222<3><[U:1:1586969002]><Red>" triggered "shot_fired" (weapon "syringegun_medic")
L 09/01/2023 - 06:01:24: "MzHat222<3><[U:1:1586969002]><Red>" triggered "shot_hit" (weapon "syringegun_medic")
L 09/01/2023 - 06:01:24: "MzHat222<3><[U:1:1586969002]><Red>" triggered "damage" against "Let me drown in your arms<4><[U:1:12520781]><Blue>" (damage "5") (weapon "syringegun_medic")
L 09/01/2023 - 06:01:25: "MzHat222<3><[U:1:1586969002]><Red>" triggered "shot_fired" (weapon "syringegun_medic")
L 09/01/2023 - 06:01:25: "MzHat222<3><[U:1:1586969002]><Red>" triggered "shot_hit" (weapon "syringegun_medic")
L 09/01/2023 - 06:01:25: "MzHat222<3><[U:1:1586969002]><Red>" triggered "damage" against "Let me drown in your arms<4><[U:1:12520781]><Blue>" (damage "5") (weapon "syringegun_medic")
L 09/01/2023 - 06:01:25: "MzHat222<3><[U:1:1586969002]><Red>" triggered "shot_fired" (weapon "syringegun_medic")
L 09/01/2023 - 06:01:25: "MzHat222<3><[U:1:1586969002]><Red>" triggered "shot_fired" (weapon "syringegun_medic")
L 09/01/2023 - 06:01:25: "MzHat222<3><[U:1:1586969002]><Red>" triggered "shot_fired" (weapon "syringegun_medic")
L 09/01/2023 - 06:01:25: "MzHat222<3><[U:1:1586969002]><Red>" triggered "shot_fired" (weapon "syringegun_medic")
L 09/01/2023 - 06:01:25: "MzHat222<3><[U:1:1586969002]><Red>" triggered "shot_hit" (weapon "syringegun_medic")
L 09/01/2023 - 06:01:25: "MzHat222<3><[U:1:1586969002]><Red>" triggered "damage" against "Let me drown in your arms<4><[U:1:12520781]><Blue>" (damage "5") (weapon "syringegun_medic")
L 09/01/2023 - 06:01:25: "MzHat222<3><[U:1:1586969002]><Red>" triggered "shot_fired" (weapon "syringegun_medic")
L 09/01/2023 - 06:01:25: "MzHat222<3><[U:1:1586969002]><Red>" triggered "shot_hit" (weapon "syringegun_medic")
L 09/01/2023 - 06:01:25: "MzHat222<3><[U:1:1586969002]><Red>" triggered "damage" against "Let me drown in your arms<4><[U:1:12520781]><Blue>" (damage "5") (weapon "syringegun_medic")
L 09/01/2023 - 06:01:25: "MzHat222<3><[U:1:1586969002]><Red>" triggered "shot_fired" (weapon "syringegun_medic")
L 09/01/2023 - 06:01:25: "MzHat222<3><[U:1:1586969002]><Red>" triggered "shot_fired" (weapon "syringegun_medic")
L 09/01/2023 - 06:01:25: "MzHat222<3><[U:1:1586969002]><Red>" triggered "shot_hit" (weapon "syringegun_medic")
L 09/01/2023 - 06:01:25: "MzHat222<3><[U:1:1586969002]><Red>" triggered "damage" against "Let me drown in your arms<4><[U:1:12520781]><Blue>" (damage "5") (weapon "syringegun_medic")
L 09/01/2023 - 06:01:25: "MzHat222<3><[U:1:1586969002]><Red>" triggered "shot_fired" (weapon "syringegun_medic")
L 09/01/2023 - 06:01:25: "MzHat222<3><[U:1:1586969002]><Red>" triggered "shot_hit" (weapon "syringegun_medic")
L 09/01/2023 - 06:01:25: "MzHat222<3><[U:1:1586969002]><Red>" triggered "damage" against "Let me drown in your arms<4><[U:1:12520781]><Blue>" (damage "5") (weapon "syringegun_medic")
L 09/01/2023 - 06:01:26: "MzHat222<3><[U:1:1586969002]><Red>" triggered "shot_hit" (weapon "syringegun_medic")
L 09/01/2023 - 06:01:26: "MzHat222<3><[U:1:1586969002]><Red>" triggered "damage" against "Let me drown in your arms<4><[U:1:12520781]><Blue>" (damage "5") (weapon "syringegun_medic")
L 09/01/2023 - 06:01:26: "MzHat222<3><[U:1:1586969002]><Red>" triggered "shot_hit" (weapon "syringegun_medic")
L 09/01/2023 - 06:01:26: "MzHat222<3><[U:1:1586969002]><Red>" triggered "damage" against "Let me drown in your arms<4><[U:1:12520781]><Blue>" (damage "5") (weapon "syringegun_medic")
L 09/01/2023 - 06:01:26: "MzHat222<3><[U:1:1586969002]><Red>" triggered "shot_hit" (weapon "syringegun_medic")
L 09/01/2023 - 06:01:26: "MzHat222<3><[U:1:1586969002]><Red>" triggered "damage" against "Let me drown in your arms<4><[U:1:12520781]><Blue>" (damage "5") (weapon "syringegun_medic")
L 09/01/2023 - 06:01:26: "MzHat222<3><[U:1:1586969002]><Red>" triggered "shot_hit" (weapon "syringegun_medic")
L 09/01/2023 - 06:01:26: "MzHat222<3><[U:1:1586969002]><Red>" triggered "damage" against "Let me drown in your arms<4><[U:1:12520781]><Blue>" (damage "5") (weapon "syringegun_medic")
L 09/01/2023 - 06:01:26: "MzHat222<3><[U:1:1586969002]><Red>" triggered "shot_hit" (weapon "syringegun_medic")
L 09/01/2023 - 06:01:26: "MzHat222<3><[U:1:1586969002]><Red>" triggered "damage" against "Let me drown in your arms<4><[U:1:12520781]><Blue>" (damage "5") (weapon "syringegun_medic")
L 09/01/2023 - 06:01:28: "Let me drown in your arms<4><[U:1:12520781]><Blue>" triggered "shot_fired" (weapon "scattergun")
L 09/01/2023 - 06:01:28: "Let me drown in your arms<4><[U:1:12520781]><Blue>" triggered "shot_hit" (weapon "scattergun")
L 09/01/2023 - 06:01:28: "Let me drown in your arms<4><[U:1:12520781]><Blue>" triggered "damage" against "MzHat222<3><[U:1:1586969002]><Red>" (damage "10") (weapon "scattergun")
L 09/01/2023 - 06:01:32: "Let me drown in your arms<4><[U:1:12520781]><Blue>" triggered "shot_fired" (weapon "scattergun")
L 09/01/2023 - 06:01:32: "Let me drown in your arms<4><[U:1:12520781]><Blue>" triggered "shot_hit" (weapon "scattergun")
L 09/01/2023 - 06:01:32: "Let me drown in your arms<4><[U:1:12520781]><Blue>" triggered "damage" against "MzHat222<3><[U:1:1586969002]><Red>" (damage "104") (weapon "scattergun")
L 09/01/2023 - 06:01:43: "Let me drown in your arms<4><[U:1:12520781]><Blue>" triggered "shot_fired" (weapon "scattergun")
L 09/01/2023 - 06:01:43: "Let me drown in your arms<4><[U:1:12520781]><Blue>" triggered "shot_hit" (weapon "scattergun")
L 09/01/2023 - 06:01:43: "Let me drown in your arms<4><[U:1:12520781]><Blue>" triggered "damage" against "MzHat222<3><[U:1:1586969002]><Red>" (damage "101") (weapon "scattergun")
L 09/01/2023 - 06:01:51: "Let me drown in your arms<4><[U:1:12520781]><Blue>" triggered "shot_fired" (weapon "scattergun")
L 09/01/2023 - 06:01:51: "Let me drown in your arms<4><[U:1:12520781]><Blue>" triggered "shot_hit" (weapon "scattergun")
L 09/01/2023 - 06:01:51: "Let me drown in your arms<4><[U:1:12520781]><Blue>" triggered "damage" against "MzHat222<3><[U:1:1586969002]><Red>" (damage "77") (weapon "scattergun")
L 09/01/2023 - 06:02:06: "MzHat222<3><[U:1:1586969002]><Red>" triggered "damage" against "Let me drown in your arms<4><[U:1:12520781]><Blue>" (damage "65") (weapon "bonesaw")
L 09/01/2023 - 06:02:06: "MzHat222<3><[U:1:1586969002]><Red>" killed "Let me drown in your arms<4><[U:1:12520781]><Blue>" with "bonesaw" (attacker_position "-1631 2596 4") (victim_position "-1573 2584 3")
L 09/01/2023 - 06:02:06: "MzHat222<3><[U:1:1586969002]><Red>" triggered "revenge" against "Let me drown in your arms<4><[U:1:12520781]><Blue>"
L 09/01/2023 - 06:02:12: "Let me drown in your arms<4><[U:1:12520781]><Blue>" spawned as "scout"
L 09/01/2023 - 06:02:59: World triggered "Round_Win" (winner "Blue")
L 09/01/2023 - 06:02:59: World triggered "Round_Length" (seconds "218.31")
L 09/01/2023 - 06:02:59: Team "Red" current score "0" with "2" players
L 09/01/2023 - 06:02:59: Team "Blue" current score "3" with "2" players
L 09/01/2023 - 06:03:07: World triggered "Game_Over" reason "Reached Win Limit"
L 09/01/2023 - 06:03:07: Team "Red" final score "0" with "2" players
L 09/01/2023 - 06:03:07: Team "Blue" final score "3" with "2" players
L 09/01/2023 - 06:03:07: Team "BLUE" triggered "Intermission_Win_Limit"
